=========== Job Information ==========
Node List : c8g-st-c8g-24xlarge-1
my jobID : 2544
 Partition :  c8g
 submit directory :  /fsx/home/etud14-2/Viridien/Base_simd_mpi_openmp_profile
 submit host :  ip-10-0-14-252
 In the directory :  /fsx/home/etud14-2/Viridien/Base_simd_mpi_openmp_profile
As the user :  etud14-2
=========== Job Information ==========
Linaro Forge sampler: CUPTI failed to enable kernel activity monitoring - error code 15
Linaro Forge sampler: CUPTI failed to enable memcpy activity monitoring - error code 15
Linaro Forge sampler: CUPTI failed to enable kernel activity monitoring - error code 15
Linaro Forge sampler: CUPTI failed to enable memcpy activity monitoring - error code 15
Linaro Forge sampler: CUPTI failed to enable kernel activity monitoring - error code 15
Linaro Forge sampler: CUPTI failed to enable memcpy activity monitoring - error code 15
Linaro Forge sampler: CUPTI failed to enable kernel activity monitoring - error code 15
Linaro Forge sampler: CUPTI failed to enable memcpy activity monitoring - error code 15
Linaro Forge sampler: CUPTI failed to enable kernel activity monitoring - error code 15
Linaro Forge sampler: CUPTI failed to enable memcpy activity monitoring - error code 15
Linaro Forge sampler: CUPTI failed to enable kernel activity monitoring - error code 15
Linaro Forge sampler: CUPTI failed to enable memcpy activity monitoring - error code 15
Linaro Forge sampler: CUPTI failed to enable kernel activity monitoring - error code 15
Linaro Forge sampler: CUPTI failed to enable memcpy activity monitoring - error code 15
Linaro Forge sampler: CUPTI failed to enable kernel activity monitoring - error code 15
Linaro Forge sampler: CUPTI failed to enable memcpy activity monitoring - error code 15
Linaro Forge sampler: CUPTI failed to enable kernel activity monitoring - error code 15
Linaro Forge sampler: CUPTI failed to enable memcpy activity monitoring - error code 15
Linaro Forge sampler: CUPTI failed to enable kernel activity monitoring - error code 15
Linaro Forge sampler: CUPTI failed to enable memcpy activity monitoring - error code 15
Linaro Forge sampler: CUPTI failed to enable kernel activity monitoring - error code 15
Linaro Forge sampler: CUPTI failed to enable memcpy activity monitoring - error code 15
Linaro Forge sampler: CUPTI failed to enable kernel activity monitoring - error code 15
Linaro Forge sampler: CUPTI failed to enable memcpy activity monitoring - error code 15
Linaro Forge sampler: CUPTI failed to enable kernel activity monitoring - error code 15
Linaro Forge sampler: CUPTI failed to enable memcpy activity monitoring - error code 15
Linaro Forge sampler: CUPTI failed to enable kernel activity monitoring - error code 15
Linaro Forge sampler: CUPTI failed to enable memcpy activity monitoring - error code 15
Linaro Forge sampler: CUPTI failed to enable kernel activity monitoring - error code 15
Linaro Forge sampler: CUPTI failed to enable memcpy activity monitoring - error code 15
Linaro Forge sampler: CUPTI failed to enable kernel activity monitoring - error code 15
Linaro Forge sampler: CUPTI failed to enable memcpy activity monitoring - error code 15
Linaro Forge sampler: CUPTI failed to enable kernel activity monitoring - error code 15
Linaro Forge sampler: CUPTI failed to enable memcpy activity monitoring - error code 15
Linaro Forge sampler: CUPTI failed to enable kernel activity monitoring - error code 15
Linaro Forge sampler: CUPTI failed to enable memcpy activity monitoring - error code 15
Linaro Forge sampler: CUPTI failed to enable kernel activity monitoring - error code 15
Linaro Forge sampler: CUPTI failed to enable memcpy activity monitoring - error code 15
Linaro Forge sampler: CUPTI failed to enable kernel activity monitoring - error code 15
Linaro Forge sampler: CUPTI failed to enable memcpy activity monitoring - error code 15
Linaro Forge sampler: CUPTI failed to enable kernel activity monitoring - error code 15
Linaro Forge sampler: CUPTI failed to enable memcpy activity monitoring - error code 15
Linaro Forge sampler: CUPTI failed to enable kernel activity monitoring - error code 15
Linaro Forge sampler: CUPTI failed to enable memcpy activity monitoring - error code 15
Linaro Forge sampler: CUPTI failed to enable kernel activity monitoring - error code 15
Linaro Forge sampler: CUPTI failed to enable memcpy activity monitoring - error code 15
Linaro Forge sampler: CUPTI failed to enable kernel activity monitoring - error code 15
Linaro Forge sampler: CUPTI failed to enable memcpy activity monitoring - error code 15
Linaro Forge sampler: CUPTI failed to enable kernel activity monitoring - error code 15
Linaro Forge sampler: CUPTI failed to enable memcpy activity monitoring - error code 15
Linaro Forge sampler: CUPTI failed to enable kernel activity monitoring - error code 15
Linaro Forge sampler: CUPTI failed to enable memcpy activity monitoring - error code 15
Linaro Forge sampler: CUPTI failed to enable kernel activity monitoring - error code 15
Linaro Forge sampler: CUPTI failed to enable memcpy activity monitoring - error code 15
Linaro Forge sampler: CUPTI failed to enable kernel activity monitoring - error code 15
Linaro Forge sampler: CUPTI failed to enable memcpy activity monitoring - error code 15
Linaro Forge sampler: CUPTI failed to enable kernel activity monitoring - error code 15
Linaro Forge sampler: CUPTI failed to enable memcpy activity monitoring - error code 15
Linaro Forge sampler: CUPTI failed to enable kernel activity monitoring - error code 15
Linaro Forge sampler: CUPTI failed to enable memcpy activity monitoring - error code 15
Linaro Forge sampler: CUPTI failed to enable kernel activity monitoring - error code 15
Linaro Forge sampler: CUPTI failed to enable memcpy activity monitoring - error code 15
Linaro Forge sampler: CUPTI failed to enable kernel activity monitoring - error code 15
Linaro Forge sampler: CUPTI failed to enable memcpy activity monitoring - error code 15
Linaro Forge sampler: CUPTI failed to enable kernel activity monitoring - error code 15
Linaro Forge sampler: CUPTI failed to enable memcpy activity monitoring - error code 15
Linaro Forge sampler: CUPTI failed to enable kernel activity monitoring - error code 15
Linaro Forge sampler: CUPTI failed to enable memcpy activity monitoring - error code 15
Linaro Forge sampler: CUPTI failed to enable kernel activity monitoring - error code 15
Linaro Forge sampler: CUPTI failed to enable memcpy activity monitoring - error code 15
Linaro Forge sampler: CUPTI failed to enable kernel activity monitoring - error code 15
Linaro Forge sampler: CUPTI failed to enable memcpy activity monitoring - error code 15
Linaro Forge sampler: CUPTI failed to enable kernel activity monitoring - error code 15
Linaro Forge sampler: CUPTI failed to enable memcpy activity monitoring - error code 15
Linaro Forge sampler: CUPTI failed to enable kernel activity monitoring - error code 15
Linaro Forge sampler: CUPTI failed to enable memcpy activity monitoring - error code 15
Linaro Forge sampler: CUPTI failed to enable kernel activity monitoring - error code 15
Linaro Forge sampler: CUPTI failed to enable memcpy activity monitoring - error code 15
Linaro Forge sampler: CUPTI failed to enable kernel activity monitoring - error code 15
Linaro Forge sampler: CUPTI failed to enable memcpy activity monitoring - error code 15
Linaro Forge sampler: CUPTI failed to enable kernel activity monitoring - error code 15
Linaro Forge sampler: CUPTI failed to enable memcpy activity monitoring - error code 15
Linaro Forge sampler: CUPTI failed to enable kernel activity monitoring - error code 15
Linaro Forge sampler: CUPTI failed to enable memcpy activity monitoring - error code 15
Linaro Forge sampler: CUPTI failed to enable kernel activity monitoring - error code 15
Linaro Forge sampler: CUPTI failed to enable memcpy activity monitoring - error code 15
Linaro Forge sampler: CUPTI failed to enable kernel activity monitoring - error code 15
Linaro Forge sampler: CUPTI failed to enable memcpy activity monitoring - error code 15
Linaro Forge sampler: CUPTI failed to enable kernel activity monitoring - error code 15
Linaro Forge sampler: CUPTI failed to enable memcpy activity monitoring - error code 15
Linaro Forge sampler: CUPTI failed to enable kernel activity monitoring - error code 15
Linaro Forge sampler: CUPTI failed to enable memcpy activity monitoring - error code 15
Linaro Forge sampler: CUPTI failed to enable kernel activity monitoring - error code 15
Linaro Forge sampler: CUPTI failed to enable memcpy activity monitoring - error code 15
Linaro Forge sampler: CUPTI failed to enable kernel activity monitoring - error code 15
Linaro Forge sampler: CUPTI failed to enable memcpy activity monitoring - error code 15
Linaro Forge sampler: CUPTI failed to enable kernel activity monitoring - error code 15
Linaro Forge sampler: CUPTI failed to enable memcpy activity monitoring - error code 15
Linaro Forge sampler: CUPTI failed to enable kernel activity monitoring - error code 15
Linaro Forge sampler: CUPTI failed to enable memcpy activity monitoring - error code 15
Linaro Forge sampler: CUPTI failed to enable kernel activity monitoring - error code 15
Linaro Forge sampler: CUPTI failed to enable memcpy activity monitoring - error code 15
Linaro Forge sampler: CUPTI failed to enable kernel activity monitoring - error code 15
Linaro Forge sampler: CUPTI failed to enable memcpy activity monitoring - error code 15
Linaro Forge sampler: CUPTI failed to enable kernel activity monitoring - error code 15
Linaro Forge sampler: CUPTI failed to enable memcpy activity monitoring - error code 15
Linaro Forge sampler: CUPTI failed to enable kernel activity monitoring - error code 15
Linaro Forge sampler: CUPTI failed to enable memcpy activity monitoring - error code 15
Linaro Forge sampler: CUPTI failed to enable kernel activity monitoring - error code 15
Linaro Forge sampler: CUPTI failed to enable memcpy activity monitoring - error code 15
Linaro Forge sampler: CUPTI failed to enable kernel activity monitoring - error code 15
Linaro Forge sampler: CUPTI failed to enable memcpy activity monitoring - error code 15
Linaro Forge sampler: CUPTI failed to enable kernel activity monitoring - error code 15
Linaro Forge sampler: CUPTI failed to enable memcpy activity monitoring - error code 15
Linaro Forge sampler: CUPTI failed to enable kernel activity monitoring - error code 15
Linaro Forge sampler: CUPTI failed to enable memcpy activity monitoring - error code 15
Linaro Forge sampler: CUPTI failed to enable kernel activity monitoring - error code 15
Linaro Forge sampler: CUPTI failed to enable memcpy activity monitoring - error code 15
Linaro Forge sampler: CUPTI failed to enable kernel activity monitoring - error code 15
Linaro Forge sampler: CUPTI failed to enable memcpy activity monitoring - error code 15
Linaro Forge sampler: CUPTI failed to enable kernel activity monitoring - error code 15
Linaro Forge sampler: CUPTI failed to enable memcpy activity monitoring - error code 15
Linaro Forge sampler: CUPTI failed to enable kernel activity monitoring - error code 15
Linaro Forge sampler: CUPTI failed to enable memcpy activity monitoring - error code 15
Linaro Forge sampler: CUPTI failed to enable kernel activity monitoring - error code 15
Linaro Forge sampler: CUPTI failed to enable memcpy activity monitoring - error code 15
Linaro Forge sampler: CUPTI failed to enable kernel activity monitoring - error code 15
Linaro Forge sampler: CUPTI failed to enable memcpy activity monitoring - error code 15
Linaro Forge sampler: CUPTI failed to enable kernel activity monitoring - error code 15
Linaro Forge sampler: CUPTI failed to enable memcpy activity monitoring - error code 15
Linaro Forge sampler: CUPTI failed to enable kernel activity monitoring - error code 15
Linaro Forge sampler: CUPTI failed to enable memcpy activity monitoring - error code 15
Linaro Forge sampler: CUPTI failed to enable kernel activity monitoring - error code 15
Linaro Forge sampler: CUPTI failed to enable memcpy activity monitoring - error code 15
Linaro Forge sampler: CUPTI failed to enable kernel activity monitoring - error code 15
Linaro Forge sampler: CUPTI failed to enable memcpy activity monitoring - error code 15
Linaro Forge sampler: CUPTI failed to enable kernel activity monitoring - error code 15
Linaro Forge sampler: CUPTI failed to enable memcpy activity monitoring - error code 15
Linaro Forge sampler: CUPTI failed to enable kernel activity monitoring - error code 15
Linaro Forge sampler: CUPTI failed to enable memcpy activity monitoring - error code 15
Linaro Forge sampler: CUPTI failed to enable kernel activity monitoring - error code 15
Linaro Forge sampler: CUPTI failed to enable memcpy activity monitoring - error code 15
Linaro Forge sampler: CUPTI failed to enable kernel activity monitoring - error code 15
Linaro Forge sampler: CUPTI failed to enable memcpy activity monitoring - error code 15
Linaro Forge sampler: CUPTI failed to enable kernel activity monitoring - error code 15
Linaro Forge sampler: CUPTI failed to enable memcpy activity monitoring - error code 15
Linaro Forge sampler: CUPTI failed to enable kernel activity monitoring - error code 15
Linaro Forge sampler: CUPTI failed to enable memcpy activity monitoring - error code 15
Linaro Forge sampler: CUPTI failed to enable kernel activity monitoring - error code 15
Linaro Forge sampler: CUPTI failed to enable memcpy activity monitoring - error code 15
Linaro Forge sampler: CUPTI failed to enable kernel activity monitoring - error code 15
Linaro Forge sampler: CUPTI failed to enable memcpy activity monitoring - error code 15
Linaro Forge sampler: CUPTI failed to enable kernel activity monitoring - error code 15
Linaro Forge sampler: CUPTI failed to enable memcpy activity monitoring - error code 15
Linaro Forge sampler: CUPTI failed to enable kernel activity monitoring - error code 15
Linaro Forge sampler: CUPTI failed to enable memcpy activity monitoring - error code 15
Linaro Forge sampler: CUPTI failed to enable kernel activity monitoring - error code 15
Linaro Forge sampler: CUPTI failed to enable memcpy activity monitoring - error code 15
Linaro Forge sampler: CUPTI failed to enable kernel activity monitoring - error code 15
Linaro Forge sampler: CUPTI failed to enable memcpy activity monitoring - error code 15
Linaro Forge sampler: CUPTI failed to enable kernel activity monitoring - error code 15
Linaro Forge sampler: CUPTI failed to enable memcpy activity monitoring - error code 15
Linaro Forge sampler: CUPTI failed to enable kernel activity monitoring - error code 15
Linaro Forge sampler: CUPTI failed to enable memcpy activity monitoring - error code 15
Linaro Forge sampler: CUPTI failed to enable kernel activity monitoring - error code 15
Linaro Forge sampler: CUPTI failed to enable memcpy activity monitoring - error code 15
Linaro Forge sampler: CUPTI failed to enable kernel activity monitoring - error code 15
Linaro Forge sampler: CUPTI failed to enable memcpy activity monitoring - error code 15
Linaro Forge sampler: CUPTI failed to enable kernel activity monitoring - error code 15
Linaro Forge sampler: CUPTI failed to enable memcpy activity monitoring - error code 15
Linaro Forge sampler: CUPTI failed to enable kernel activity monitoring - error code 15
Linaro Forge sampler: CUPTI failed to enable memcpy activity monitoring - error code 15
Linaro Forge sampler: CUPTI failed to enable kernel activity monitoring - error code 15
Linaro Forge sampler: CUPTI failed to enable memcpy activity monitoring - error code 15
Linaro Forge sampler: CUPTI failed to enable kernel activity monitoring - error code 15
Linaro Forge sampler: CUPTI failed to enable memcpy activity monitoring - error code 15
Linaro Forge sampler: CUPTI failed to enable kernel activity monitoring - error code 15
Linaro Forge sampler: CUPTI failed to enable memcpy activity monitoring - error code 15
Linaro Forge sampler: CUPTI failed to enable kernel activity monitoring - error code 15
Linaro Forge sampler: CUPTI failed to enable memcpy activity monitoring - error code 15
Linaro Forge sampler: CUPTI failed to enable kernel activity monitoring - error code 15
Linaro Forge sampler: CUPTI failed to enable memcpy activity monitoring - error code 15
Linaro Forge sampler: CUPTI failed to enable kernel activity monitoring - error code 15
Linaro Forge sampler: CUPTI failed to enable memcpy activity monitoring - error code 15
Linaro Forge sampler: CUPTI failed to enable kernel activity monitoring - error code 15
Linaro Forge sampler: CUPTI failed to enable memcpy activity monitoring - error code 15
Linaro Forge sampler: CUPTI failed to enable kernel activity monitoring - error code 15
Linaro Forge sampler: CUPTI failed to enable memcpy activity monitoring - error code 15
Linaro Forge sampler: CUPTI failed to enable kernel activity monitoring - error code 15
Linaro Forge sampler: CUPTI failed to enable memcpy activity monitoring - error code 15
Linaro Forge sampler: CUPTI failed to enable kernel activity monitoring - error code 15
Linaro Forge sampler: CUPTI failed to enable memcpy activity monitoring - error code 15
